project/HillClimb/Library/Bee/Android/Prj/Mono2x/Gradle/unityLibrary/build/intermediates/manifest_merge_blame_file/debug/manifest-merger-blame-debug-report.txt
1<?xml version="1.0" encoding="utf-8"?>
2<manifest xmlns:android="http://schemas.android.com/apk/res/android"
3    xmlns:tools="http://schemas.android.com/tools"
4    package="com.unity3d.player"
5    android:installLocation="auto"
6    android:versionCode="1"
7    android:versionName="0.1" >
8
9    <uses-sdk
10        android:minSdkVersion="23"
10-->src\main\AndroidManifest.xml
11        android:targetSdkVersion="30" />
11-->src\main\AndroidManifest.xml
12
13    <uses-feature android:glEsVersion="0x00030000" />
13-->src\main\AndroidManifest.xml:25:3-52
13-->src\main\AndroidManifest.xml:25:17-49
14    <uses-feature
14-->src\main\AndroidManifest.xml:26:3-91
15        android:name="android.hardware.vulkan.version"
15-->src\main\AndroidManifest.xml:26:17-63
16        android:required="false" />
16-->src\main\AndroidManifest.xml:26:64-88
17
18    <uses-permission android:name="android.permission.INTERNET" />
18-->src\main\AndroidManifest.xml:27:3-65
18-->src\main\AndroidManifest.xml:27:20-62
19    <uses-permission android:name="android.permission.ACCESS_NETWORK_STATE" />
19-->src\main\AndroidManifest.xml:28:3-77
19-->src\main\AndroidManifest.xml:28:20-74
20    <uses-permission android:name="android.permission.RECORD_AUDIO" />
20-->src\main\AndroidManifest.xml:29:3-69
20-->src\main\AndroidManifest.xml:29:20-66
21    <uses-permission android:name="android.permission.MODIFY_AUDIO_SETTINGS" />
21-->src\main\AndroidManifest.xml:30:3-78
21-->src\main\AndroidManifest.xml:30:20-75
22
23    <uses-feature
23-->src\main\AndroidManifest.xml:31:3-87
24        android:name="android.hardware.microphone"
24-->src\main\AndroidManifest.xml:31:17-59
25        android:required="false" />
25-->src\main\AndroidManifest.xml:31:60-84
26    <uses-feature
26-->src\main\AndroidManifest.xml:32:3-88
27        android:name="android.hardware.touchscreen"
27-->src\main\AndroidManifest.xml:32:17-60
28        android:required="false" />
28-->src\main\AndroidManifest.xml:32:61-85
29    <uses-feature
29-->src\main\AndroidManifest.xml:33:3-99
30        android:name="android.hardware.touchscreen.multitouch"
30-->src\main\AndroidManifest.xml:33:17-71
31        android:required="false" />
31-->src\main\AndroidManifest.xml:33:72-96
32    <uses-feature
32-->src\main\AndroidManifest.xml:34:3-108
33        android:name="android.hardware.touchscreen.multitouch.distinct"
33-->src\main\AndroidManifest.xml:34:17-80
34        android:required="false" />
34-->src\main\AndroidManifest.xml:34:81-105
35    <uses-feature
35-->src\main\AndroidManifest.xml:35:3-111
36        android:name="android.hardware.vr.headtracking"
36-->src\main\AndroidManifest.xml:35:17-64
37        android:required="true"
37-->src\main\AndroidManifest.xml:35:85-108
38        android:version="1" />
38-->src\main\AndroidManifest.xml:35:65-84
39
40    <application
40-->src\main\AndroidManifest.xml:3:3-24:17
41        android:allowBackup="false"
41-->src\main\AndroidManifest.xml:3:114-141
42        android:extractNativeLibs="true"
42-->src\main\AndroidManifest.xml:3:16-48
43        android:icon="@mipmap/app_icon"
43-->src\main\AndroidManifest.xml:3:82-113
44        android:label="@string/app_name"
44-->src\main\AndroidManifest.xml:3:49-81
45        android:networkSecurityConfig="@xml/network_sec_config" >
45-->src\main\AndroidManifest.xml:3:142-197
46        <activity
46-->src\main\AndroidManifest.xml:4:5-13:16
47            android:name="com.unity3d.player.UnityPlayerActivity"
47-->src\main\AndroidManifest.xml:4:15-68
48            android:configChanges="keyboard|keyboardHidden|navigation|orientation|screenLayout|screenSize|uiMode"
48-->src\main\AndroidManifest.xml:4:204-305
49            android:hardwareAccelerated="false"
49-->src\main\AndroidManifest.xml:4:341-376
50            android:launchMode="singleTask"
50-->src\main\AndroidManifest.xml:4:172-203
51            android:resizeableActivity="false"
51-->src\main\AndroidManifest.xml:4:306-340
52            android:screenOrientation="landscape"
52-->src\main\AndroidManifest.xml:4:134-171
53            android:theme="@android:style/Theme.Black.NoTitleBar.Fullscreen" >
53-->src\main\AndroidManifest.xml:4:69-133
54            <intent-filter>
54-->src\main\AndroidManifest.xml:5:7-9:23
55                <action android:name="android.intent.action.MAIN" />
55-->src\main\AndroidManifest.xml:6:9-61
55-->src\main\AndroidManifest.xml:6:17-58
56
57                <category android:name="android.intent.category.LAUNCHER" />
57-->src\main\AndroidManifest.xml:7:9-69
57-->src\main\AndroidManifest.xml:7:19-66
58                <category android:name="com.oculus.intent.category.VR" />
58-->src\main\AndroidManifest.xml:8:9-66
58-->src\main\AndroidManifest.xml:8:19-63
59            </intent-filter>
60
61            <meta-data
61-->src\main\AndroidManifest.xml:10:7-82
62                android:name="unityplayer.UnityActivity"
62-->src\main\AndroidManifest.xml:10:18-58
63                android:value="true" />
63-->src\main\AndroidManifest.xml:10:59-79
64            <meta-data
64-->src\main\AndroidManifest.xml:11:7-78
65                android:name="android.notch_support"
65-->src\main\AndroidManifest.xml:11:18-54
66                android:value="true" />
66-->src\main\AndroidManifest.xml:11:55-75
67            <meta-data
67-->src\main\AndroidManifest.xml:12:7-81
68                android:name="com.oculus.vr.focusaware"
68-->src\main\AndroidManifest.xml:12:18-57
69                android:value="true" />
69-->src\main\AndroidManifest.xml:12:58-78
70        </activity>
71
72        <meta-data
72-->src\main\AndroidManifest.xml:14:5-69
73            android:name="unity.splash-mode"
73-->src\main\AndroidManifest.xml:14:16-48
74            android:value="0" />
74-->src\main\AndroidManifest.xml:14:49-66
75        <meta-data
75-->src\main\AndroidManifest.xml:15:5-74
76            android:name="unity.splash-enable"
76-->src\main\AndroidManifest.xml:15:16-50
77            android:value="True" />
77-->src\main\AndroidManifest.xml:15:51-71
78        <meta-data
78-->src\main\AndroidManifest.xml:16:5-78
79            android:name="unity.launch-fullscreen"
79-->src\main\AndroidManifest.xml:16:16-54
80            android:value="True" />
80-->src\main\AndroidManifest.xml:16:55-75
81        <meta-data
81-->src\main\AndroidManifest.xml:17:5-84
82            android:name="unity.allow-resizable-window"
82-->src\main\AndroidManifest.xml:17:16-59
83            android:value="False" />
83-->src\main\AndroidManifest.xml:17:60-81
84        <meta-data
84-->src\main\AndroidManifest.xml:18:5-81
85            android:name="notch.config"
85-->src\main\AndroidManifest.xml:18:16-43
86            android:value="portrait|landscape" />
86-->src\main\AndroidManifest.xml:18:44-78
87        <meta-data
87-->src\main\AndroidManifest.xml:19:5-97
88            android:name="com.samsung.android.vr.application.mode"
88-->src\main\AndroidManifest.xml:19:16-70
89            android:value="vr_only" />
89-->src\main\AndroidManifest.xml:19:71-94
90        <meta-data
90-->src\main\AndroidManifest.xml:20:5-91
91            android:name="com.unity.xr.oculus.LowOverheadMode"
91-->src\main\AndroidManifest.xml:20:16-66
92            android:value="false" />
92-->src\main\AndroidManifest.xml:20:67-88
93        <meta-data
93-->src\main\AndroidManifest.xml:21:5-88
94            android:name="com.unity.xr.oculus.LateLatching"
94-->src\main\AndroidManifest.xml:21:16-63
95            android:value="false" />
95-->src\main\AndroidManifest.xml:21:64-85
96        <meta-data
96-->src\main\AndroidManifest.xml:22:5-93
97            android:name="com.unity.xr.oculus.LateLatchingDebug"
97-->src\main\AndroidManifest.xml:22:16-68
98            android:value="false" />
98-->src\main\AndroidManifest.xml:22:69-90
99        <meta-data
99-->src\main\AndroidManifest.xml:23:5-90
100            android:name="com.oculus.supportedDevices"
100-->src\main\AndroidManifest.xml:23:16-58
101            android:value="quest|quest2" />
101-->src\main\AndroidManifest.xml:23:59-87
102    </application>
103
104</manifest>